TN:
SF:srv/code/claims-on-approveClaim-logic.ts
FN:5,(anonymous_0)
FNF:1
FNH:1
FNDA:4,(anonymous_0)
DA:3,1
DA:6,4
DA:8,4
DA:10,4
DA:12,4
DA:13,4
DA:14,3
DA:16,2
DA:20,2
DA:22,2
LF:10
LH:10
BRDA:13,0,0,1
BRDA:13,0,1,3
BRDA:14,1,0,1
BRDA:14,1,1,2
BRDA:17,2,0,2
BRDA:17,2,1,1
BRF:6
BRH:6
end_of_record
TN:
SF:srv/code/claims-on-flagClaim-logic.ts
FN:5,(anonymous_0)
FNF:1
FNH:1
FNDA:5,(anonymous_0)
DA:3,1
DA:6,5
DA:8,5
DA:10,5
DA:12,5
DA:13,5
DA:14,4
DA:15,3
DA:17,1
DA:21,1
DA:23,1
LF:11
LH:11
BRDA:13,0,0,1
BRDA:13,0,1,4
BRDA:14,1,0,1
BRDA:14,1,1,3
BRDA:15,2,0,2
BRDA:15,2,1,1
BRF:6
BRH:6
end_of_record
TN:
SF:srv/code/on-evaluateClaim-logic.ts
FN:15,extractJson
FN:33,(anonymous_1)
FN:54,(anonymous_2)
FN:55,(anonymous_3)
FN:60,(anonymous_4)
FN:65,(anonymous_5)
FN:96,(anonymous_6)
FN:97,(anonymous_7)
FN:108,(anonymous_8)
FN:121,_runOneEvaluation
FN:201,_decisionCriticality
FN:207,_normalizeEvaluation
FNF:12
FNH:12
FNDA:50,extractJson
FNDA:32,(anonymous_1)
FNDA:58,(anonymous_2)
FNDA:112,(anonymous_3)
FNDA:56,(anonymous_4)
FNDA:56,(anonymous_5)
FNDA:31,(anonymous_6)
FNDA:55,(anonymous_7)
FNDA:56,(anonymous_8)
FNDA:56,_runOneEvaluation
FNDA:56,_decisionCriticality
FNDA:50,_normalizeEvaluation
DA:9,1
DA:12,1
DA:16,50
DA:17,50
DA:34,32
DA:35,32
DA:37,32
DA:38,32
DA:40,32
DA:46,32
DA:47,1
DA:50,31
DA:52,31
DA:54,58
DA:55,31
DA:56,112
DA:59,31
DA:61,56
DA:65,31
DA:66,56
DA:67,56
DA:68,56
DA:69,56
DA:70,56
DA:92,31
DA:93,31
DA:96,31
DA:97,55
DA:99,31
DA:106,31
DA:108,56
DA:113,0
DA:114,0
DA:115,0
DA:122,56
DA:123,56
DA:124,56
DA:126,56
DA:127,56
DA:129,56
DA:147,56
DA:151,56
DA:167,50
DA:168,50
DA:169,50
DA:171,50
DA:179,6
DA:180,6
DA:181,6
DA:202,56
DA:203,6
DA:208,50
DA:209,50
DA:213,50
DA:217,50
DA:219,50
LF:56
LH:53
BRDA:17,0,0,1
BRDA:17,0,1,49
BRDA:46,1,0,1
BRDA:46,1,1,31
BRDA:46,2,0,32
BRDA:46,2,1,32
BRDA:56,3,0,112
BRDA:56,3,1,112
BRDA:56,3,2,0
BRDA:69,4,0,56
BRDA:69,4,1,0
BRDA:76,5,0,56
BRDA:76,5,1,0
BRDA:77,6,0,56
BRDA:77,6,1,0
BRDA:82,7,0,56
BRDA:82,7,1,0
BRDA:102,8,0,31
BRDA:102,8,1,0
BRDA:103,9,0,31
BRDA:103,9,1,7
BRDA:134,10,0,56
BRDA:134,10,1,6
BRDA:147,11,0,31
BRDA:147,11,1,25
BRDA:184,12,0,1
BRDA:184,12,1,5
BRDA:184,13,0,1
BRDA:184,13,1,4
BRDA:186,14,0,1
BRDA:186,14,1,5
BRDA:202,15,0,50
BRDA:202,15,1,6
BRDA:202,16,0,56
BRDA:202,16,1,6
BRDA:202,16,2,6
BRDA:203,17,0,3
BRDA:203,17,1,3
BRDA:209,18,0,49
BRDA:209,18,1,1
BRDA:209,19,0,50
BRDA:209,19,1,50
BRDA:211,20,0,1
BRDA:211,20,1,0
BRDA:211,21,0,0
BRDA:211,21,1,0
BRDA:213,22,0,49
BRDA:213,22,1,1
BRDA:213,23,0,50
BRDA:213,23,1,49
BRDA:217,24,0,49
BRDA:217,24,1,1
BRDA:220,25,0,50
BRDA:220,25,1,0
BRDA:222,26,0,49
BRDA:222,26,1,1
BRDA:223,27,0,49
BRDA:223,27,1,1
BRF:58
BRH:48
end_of_record
TN:
SF:srv/code/on-predictFraud-logic.ts
FN:26,(anonymous_0)
FN:34,(anonymous_1)
FN:34,(anonymous_2)
FN:53,(anonymous_3)
FN:57,(anonymous_4)
FN:78,(anonymous_5)
FN:79,(anonymous_6)
FN:90,(anonymous_7)
FN:106,_runOnePrediction
FN:122,_runRptPrediction
FN:133,(anonymous_10)
FN:134,(anonymous_11)
FN:136,(anonymous_12)
FN:143,(anonymous_13)
FN:165,(anonymous_14)
FN:166,(anonymous_15)
FN:222,fetchContextRows
FN:249,buildRptSchema
FN:255,(anonymous_18)
FN:267,_computeStubScore
FNF:20
FNH:20
FNDA:31,(anonymous_0)
FNDA:31,(anonymous_1)
FNDA:31,(anonymous_2)
FNDA:57,(anonymous_3)
FNDA:57,(anonymous_4)
FNDA:30,(anonymous_5)
FNDA:55,(anonymous_6)
FNDA:57,(anonymous_7)
FNDA:57,_runOnePrediction
FNDA:29,_runRptPrediction
FNDA:46,(anonymous_10)
FNDA:2700,(anonymous_11)
FNDA:4600,(anonymous_12)
FNDA:46,(anonymous_13)
FNDA:25,(anonymous_14)
FNDA:25,(anonymous_15)
FNDA:29,fetchContextRows
FNDA:29,buildRptSchema
FNDA:46,(anonymous_18)
FNDA:30,_computeStubScore
DA:8,1
DA:27,31
DA:28,31
DA:30,31
DA:31,31
DA:33,31
DA:34,31
DA:38,31
DA:40,30
DA:42,30
DA:45,30
DA:47,30
DA:49,30
DA:52,30
DA:53,57
DA:56,30
DA:57,30
DA:58,57
DA:59,57
DA:60,57
DA:74,30
DA:75,30
DA:78,30
DA:79,55
DA:81,30
DA:88,30
DA:90,57
DA:94,30
DA:95,30
DA:98,1
DA:99,1
DA:100,1
DA:107,57
DA:108,57
DA:109,29
DA:112,28
DA:113,28
DA:123,29
DA:124,29
DA:125,29
DA:126,29
DA:128,29
DA:129,29
DA:130,29
DA:132,29
DA:133,46
DA:134,2700
DA:136,4600
DA:141,29
DA:143,46
DA:148,29
DA:150,29
DA:165,25
DA:166,25
DA:170,25
DA:173,1
DA:174,24
DA:177,24
DA:183,25
DA:184,25
DA:187,4
DA:188,4
DA:207,1
DA:226,29
DA:227,29
DA:228,2
DA:229,2
DA:231,27
DA:232,27
DA:233,27
DA:234,0
DA:235,0
DA:237,27
DA:241,27
DA:250,29
DA:253,29
DA:255,46
DA:268,30
DA:273,30
DA:274,30
LF:80
LH:78
BRDA:38,0,0,1
BRDA:38,0,1,30
BRDA:84,1,0,30
BRDA:84,1,1,1
BRDA:85,2,0,30
BRDA:85,2,1,4
BRDA:108,3,0,29
BRDA:108,3,1,28
BRDA:116,4,0,26
BRDA:116,4,1,2
BRDA:128,5,0,29
BRDA:128,5,1,0
BRDA:136,6,0,4600
BRDA:136,6,1,0
BRDA:143,7,0,46
BRDA:143,7,1,0
BRDA:144,8,0,5
BRDA:144,8,1,24
BRDA:170,9,0,1
BRDA:170,9,1,24
BRDA:174,10,0,24
BRDA:174,10,1,0
BRDA:183,11,0,25
BRDA:183,11,1,24
BRDA:190,12,0,1
BRDA:190,12,1,3
BRDA:227,13,0,2
BRDA:227,13,1,27
BRDA:233,14,0,0
BRDA:233,14,1,27
BRDA:257,15,0,0
BRDA:257,15,1,46
BRDA:273,16,0,1
BRDA:273,16,1,29
BRF:34
BRH:28
end_of_record
TN:
SF:srv/code/on-structureClaim-logic.ts
FN:15,extractJson
FN:25,normalizeClaim
FN:50,(anonymous_2)
FN:59,flattenError
FN:77,isConnectivityError
FN:137,(anonymous_5)
FN:147,(anonymous_6)
FN:162,(anonymous_7)
FN:168,(anonymous_8)
FN:269,(anonymous_9)
FN:326,_applyExtraction
FN:363,(anonymous_11)
FN:383,_handleSplit
FN:445,(anonymous_13)
FNF:14
FNH:14
FNDA:29,extractJson
FNDA:30,normalizeClaim
FNDA:54,(anonymous_2)
FNDA:2,flattenError
FNDA:2,isConnectivityError
FNDA:32,(anonymous_5)
FNDA:32,(anonymous_6)
FNDA:6,(anonymous_7)
FNDA:4,(anonymous_8)
FNDA:30,(anonymous_9)
FNDA:28,_applyExtraction
FNDA:49,(anonymous_11)
FNDA:2,_handleSplit
FNDA:2,(anonymous_13)
DA:10,1
DA:12,1
DA:16,29
DA:17,29
DA:20,1
DA:21,1
DA:22,1
DA:26,30
DA:30,30
DA:34,30
DA:35,30
DA:37,30
DA:41,30
DA:45,30
DA:46,30
DA:48,30
DA:51,54
DA:55,30
DA:60,2
DA:61,2
DA:62,2
DA:63,2
DA:64,2
DA:65,2
DA:66,2
DA:68,2
DA:78,2
DA:79,2
DA:82,1
DA:138,32
DA:139,32
DA:141,32
DA:142,32
DA:144,32
DA:146,32
DA:147,32
DA:150,32
DA:154,31
DA:156,31
DA:158,31
DA:161,31
DA:162,6
DA:165,31
DA:166,31
DA:168,31
DA:175,31
DA:176,31
DA:263,29
DA:264,29
DA:265,29
DA:266,29
DA:269,30
DA:271,29
DA:278,2
DA:280,2
DA:283,2
DA:301,31
DA:302,1
DA:305,1
DA:306,1
DA:309,30
DA:310,2
DA:311,2
DA:315,28
DA:318,1
DA:319,1
DA:320,1
DA:335,28
DA:344,28
DA:345,28
DA:346,28
DA:360,28
DA:361,25
DA:362,25
DA:363,49
DA:371,28
DA:373,28
DA:375,28
DA:376,28
DA:393,2
DA:394,2
DA:395,2
DA:397,2
DA:398,4
DA:401,4
DA:427,4
DA:428,4
DA:442,4
DA:443,2
DA:444,2
DA:445,2
DA:454,4
DA:457,4
DA:462,4
DA:464,4
DA:468,2
DA:469,2
DA:473,2
LF:98
LH:98
BRDA:17,0,0,1
BRDA:17,0,1,28
BRDA:26,1,0,29
BRDA:26,1,1,1
BRDA:26,2,0,30
BRDA:26,2,1,29
BRDA:28,3,0,1
BRDA:28,3,1,0
BRDA:30,4,0,29
BRDA:30,4,1,1
BRDA:30,5,0,30
BRDA:30,5,1,29
BRDA:32,6,0,1
BRDA:32,6,1,0
BRDA:34,7,0,30
BRDA:34,7,1,0
BRDA:35,8,0,29
BRDA:35,8,1,1
BRDA:37,9,0,29
BRDA:37,9,1,1
BRDA:37,10,0,30
BRDA:37,10,1,30
BRDA:41,11,0,29
BRDA:41,11,1,1
BRDA:41,12,0,30
BRDA:41,12,1,29
BRDA:45,13,0,30
BRDA:45,13,1,0
BRDA:46,14,0,29
BRDA:46,14,1,1
BRDA:48,15,0,29
BRDA:48,15,1,1
BRDA:51,16,0,54
BRDA:51,16,1,52
BRDA:63,17,0,4
BRDA:63,17,1,2
BRDA:65,18,0,2
BRDA:65,18,1,0
BRDA:150,19,0,1
BRDA:150,19,1,31
BRDA:161,20,0,31
BRDA:161,20,1,0
BRDA:162,21,0,6
BRDA:162,21,1,4
BRDA:265,22,0,29
BRDA:265,22,1,0
BRDA:268,23,0,29
BRDA:268,23,1,0
BRDA:269,24,0,30
BRDA:269,24,1,2
BRDA:278,25,0,0
BRDA:278,25,1,2
BRDA:287,26,0,2
BRDA:287,26,1,0
BRDA:292,27,0,2
BRDA:292,27,1,0
BRDA:301,28,0,1
BRDA:301,28,1,30
BRDA:309,29,0,2
BRDA:309,29,1,28
BRDA:360,30,0,25
BRDA:360,30,1,3
BRDA:442,31,0,2
BRDA:442,31,1,2
BRF:64
BRH:53
end_of_record
TN:
SF:srv/code/on-submitClaim-logic.ts
FN:13,(anonymous_0)
FN:51,(anonymous_1)
FNF:2
FNH:2
FNDA:27,(anonymous_0)
FNDA:4,(anonymous_1)
DA:5,1
DA:17,27
DA:19,27
DA:24,27
DA:25,3
DA:28,24
DA:29,24
DA:34,24
DA:35,24
DA:40,24
DA:49,24
DA:50,4
DA:51,4
DA:53,4
DA:57,24
DA:60,24
DA:61,24
DA:67,24
DA:69,24
DA:71,24
LF:20
LH:20
BRDA:15,0,0,23
BRDA:24,1,0,3
BRDA:24,1,1,24
BRDA:24,2,0,27
BRDA:24,2,1,5
BRDA:43,3,0,24
BRDA:43,3,1,2
BRDA:44,4,0,24
BRDA:44,4,1,22
BRDA:49,5,0,4
BRDA:49,5,1,20
BRF:11
BRH:11
end_of_record
TN:
SF:srv/code/utils/aiClient.ts
FN:6,readTokenUsage
FN:23,createChatClient
FN:28,(anonymous_2)
FN:50,(anonymous_3)
FN:50,(anonymous_4)
FN:83,envKey
FN:93,ossSource
FN:99,resolveOssEndpoint
FN:142,chatCompletionsUrl
FN:148,createOpenSourceChatClient
FN:153,(anonymous_10)
FN:170,(anonymous_11)
FN:185,(anonymous_12)
FN:185,(anonymous_13)
FNF:14
FNH:13
FNDA:6,readTokenUsage
FNDA:6,createChatClient
FNDA:6,(anonymous_2)
FNDA:1,(anonymous_3)
FNDA:2,(anonymous_4)
FNDA:10,envKey
FNDA:6,ossSource
FNDA:8,resolveOssEndpoint
FNDA:7,chatCompletionsUrl
FNDA:3,createOpenSourceChatClient
FNDA:3,(anonymous_10)
FNDA:0,(anonymous_11)
FNDA:2,(anonymous_12)
FNDA:2,(anonymous_13)
DA:8,6
DA:11,6
DA:27,6
DA:30,6
DA:33,6
DA:47,6
DA:48,6
DA:49,6
DA:50,6
DA:70,1
DA:84,10
DA:94,6
DA:95,6
DA:96,6
DA:103,8
DA:104,4
DA:110,4
DA:111,4
DA:112,4
DA:113,1
DA:121,3
DA:122,2
DA:123,2
DA:124,2
DA:137,2
DA:143,7
DA:144,7
DA:152,3
DA:154,3
DA:155,3
DA:156,3
DA:158,3
DA:160,3
DA:162,3
DA:169,3
DA:170,1
DA:171,1
DA:174,2
DA:178,2
DA:179,2
DA:180,2
DA:185,2
LF:42
LH:42
BRDA:12,0,0,6
BRDA:12,0,1,5
BRDA:12,0,2,5
BRDA:13,1,0,6
BRDA:13,1,1,5
BRDA:13,1,2,5
BRDA:14,2,0,6
BRDA:14,2,1,5
BRDA:14,2,2,5
BRDA:24,3,0,2
BRDA:25,4,0,5
BRDA:28,5,0,0
BRDA:28,6,0,5
BRDA:28,7,0,5
BRDA:30,8,0,1
BRDA:30,8,1,5
BRDA:48,9,0,6
BRDA:48,9,1,0
BRDA:70,10,0,1
BRDA:70,10,1,1
BRDA:94,11,0,6
BRDA:94,11,1,0
BRDA:95,12,0,6
BRDA:95,12,1,5
BRDA:95,12,2,2
BRDA:96,13,0,4
BRDA:96,13,1,2
BRDA:101,14,0,4
BRDA:103,15,0,4
BRDA:103,15,1,4
BRDA:111,16,0,4
BRDA:111,16,1,3
BRDA:112,17,0,1
BRDA:112,17,1,3
BRDA:115,18,0,1
BRDA:115,18,1,0
BRDA:116,19,0,1
BRDA:116,19,1,1
BRDA:121,20,0,2
BRDA:121,20,1,1
BRDA:124,21,0,1
BRDA:124,21,1,1
BRDA:144,22,0,3
BRDA:144,22,1,4
BRDA:150,23,0,0
BRDA:153,24,0,0
BRDA:153,25,0,3
BRDA:153,26,0,3
BRDA:156,27,0,1
BRDA:156,27,1,2
BRDA:158,28,0,1
BRDA:158,28,1,2
BRDA:160,29,0,1
BRDA:160,29,1,2
BRDA:165,30,0,3
BRDA:165,30,1,2
BRDA:166,31,0,3
BRDA:166,31,1,3
BRDA:169,32,0,1
BRDA:169,32,1,2
BRDA:178,33,0,2
BRDA:178,33,1,0
BRDA:179,34,0,2
BRDA:179,34,1,0
BRDA:181,35,0,2
BRDA:181,35,1,0
BRDA:182,36,0,2
BRDA:182,36,1,0
BRDA:183,37,0,2
BRDA:183,37,1,0
BRF:70
BRH:59
end_of_record
TN:
SF:srv/code/utils/aicoreDeployment.ts
FN:22,resolveDeployedModel
FN:32,(anonymous_1)
FN:52,_matchesModel
FN:62,getAiCoreToken
FNF:4
FNH:4
FNDA:5,resolveDeployedModel
FNDA:2,(anonymous_1)
FNDA:2,_matchesModel
FNDA:5,getAiCoreToken
DA:4,2
DA:10,2
DA:11,2
DA:23,5
DA:24,5
DA:25,5
DA:27,5
DA:31,3
DA:32,3
DA:34,3
DA:35,1
DA:36,1
DA:39,2
DA:40,2
DA:42,1
DA:43,1
DA:46,2
DA:47,2
DA:53,2
DA:58,2
DA:63,5
DA:64,5
DA:65,5
DA:69,3
DA:70,3
DA:71,3
DA:73,2
DA:74,2
LF:28
LH:28
BRDA:10,0,0,2
BRDA:10,0,1,2
BRDA:11,1,0,2
BRDA:11,1,1,2
BRDA:31,2,0,3
BRDA:31,2,1,0
BRDA:32,3,0,3
BRDA:32,3,1,2
BRDA:34,4,0,1
BRDA:34,4,1,2
BRDA:40,5,0,1
BRDA:40,5,1,1
BRDA:71,6,0,3
BRDA:71,6,1,1
BRF:14
BRH:13
end_of_record
TN:
SF:srv/code/utils/emitWebSocketMessage.ts
FN:11,emitWebSocketMessage
FNF:1
FNH:1
FNDA:2,emitWebSocketMessage
DA:3,1
DA:12,2
DA:13,2
DA:14,1
DA:17,1
DA:18,1
DA:20,1
DA:21,1
DA:30,1
DA:31,1
DA:33,1
LF:11
LH:11
BRDA:13,0,0,1
BRDA:13,0,1,1
BRDA:13,1,0,2
BRDA:13,1,1,1
BRDA:13,1,2,1
BRF:5
BRH:5
end_of_record
TN:
SF:srv/code/utils/llmDestination.ts
FN:29,envKey
FN:34,mapModelId
FN:43,extractHeaders
FN:70,resolveDestinationEndpoint
FNF:4
FNH:4
FNDA:9,envKey
FNDA:9,mapModelId
FNDA:4,extractHeaders
FNDA:6,resolveDestinationEndpoint
DA:4,1
DA:19,1
DA:23,1
DA:30,9
DA:35,9
DA:44,4
DA:47,4
DA:48,4
DA:49,7
DA:50,7
DA:54,4
DA:55,1
DA:56,1
DA:59,4
DA:60,4
DA:62,4
DA:71,6
DA:72,6
DA:73,6
DA:74,6
DA:76,5
DA:77,1
DA:78,1
DA:81,4
DA:82,4
DA:83,4
DA:84,4
DA:87,1
DA:88,1
LF:29
LH:29
BRDA:35,0,0,9
BRDA:35,0,1,8
BRDA:35,0,2,1
BRDA:47,1,0,4
BRDA:47,1,1,2
BRDA:50,2,0,2
BRDA:50,2,1,5
BRDA:50,3,0,7
BRDA:50,3,1,2
BRDA:54,4,0,1
BRDA:54,4,1,3
BRDA:54,5,0,4
BRDA:54,5,1,1
BRDA:56,6,0,1
BRDA:56,6,1,0
BRDA:60,7,0,1
BRDA:60,7,1,3
BRDA:60,8,0,4
BRDA:60,8,1,1
BRDA:71,9,0,6
BRDA:71,9,1,5
BRDA:76,10,0,1
BRDA:76,10,1,4
BRF:23
BRH:22
end_of_record
TN:
SF:srv/code/utils/loadAttachments.ts
FN:7,toBuffer
FN:20,loadClaimAttachments
FN:28,(anonymous_2)
FNF:3
FNH:3
FNDA:6,toBuffer
FNDA:31,loadClaimAttachments
FNDA:6,(anonymous_2)
DA:5,1
DA:8,6
DA:9,6
DA:10,6
DA:11,6
DA:12,6
DA:13,74
DA:14,6
DA:16,0
DA:24,31
DA:28,31
DA:29,6
DA:30,6
DA:31,6
DA:32,0
DA:34,6
DA:37,31
LF:17
LH:15
BRDA:8,0,0,0
BRDA:8,0,1,6
BRDA:9,1,0,0
BRDA:9,1,1,6
BRDA:10,2,0,0
BRDA:10,2,1,6
BRDA:11,3,0,6
BRDA:11,3,1,0
BRDA:13,4,0,74
BRDA:13,4,1,0
BRDA:31,5,0,0
BRDA:31,5,1,6
BRF:12
BRH:6
end_of_record
TN:
SF:srv/code/utils/mlClient.ts
FN:54,defaultRecord
FN:67,buildMlRecord
FN:87,isConnectivityError
FN:91,clampScore
FN:95,hasValue
FN:104,calibrateGbcScore
FN:148,predictWithMl
FN:160,(anonymous_7)
FN:160,(anonymous_8)
FN:169,(anonymous_9)
FNF:10
FNH:0
FNDA:0,defaultRecord
FNDA:0,buildMlRecord
FNDA:0,isConnectivityError
FNDA:0,clampScore
FNDA:0,hasValue
FNDA:0,calibrateGbcScore
FNDA:0,predictWithMl
FNDA:0,(anonymous_7)
FNDA:0,(anonymous_8)
FNDA:0,(anonymous_9)
DA:4,0
DA:7,0
DA:8,0
DA:14,0
DA:49,0
DA:50,0
DA:51,0
DA:55,0
DA:68,0
DA:69,0
DA:70,0
DA:71,0
DA:72,0
DA:73,0
DA:74,0
DA:75,0
DA:76,0
DA:77,0
DA:78,0
DA:80,0
DA:83,0
DA:88,0
DA:92,0
DA:96,0
DA:105,0
DA:107,0
DA:108,0
DA:109,0
DA:110,0
DA:113,0
DA:114,0
DA:115,0
DA:116,0
DA:119,0
DA:120,0
DA:121,0
DA:124,0
DA:125,0
DA:126,0
DA:129,0
DA:131,0
DA:153,0
DA:154,0
DA:155,0
DA:156,0
DA:158,0
DA:159,0
DA:160,0
DA:161,0
DA:168,0
DA:169,0
DA:170,0
DA:173,0
DA:175,0
DA:176,0
DA:177,0
DA:178,0
DA:179,0
DA:180,0
DA:182,0
DA:186,0
DA:187,0
DA:190,0
DA:191,0
DA:192,0
DA:193,0
DA:194,0
DA:201,0
DA:202,0
LF:69
LH:0
BRDA:7,0,0,0
BRDA:7,0,1,0
BRDA:8,1,0,0
BRDA:8,1,1,0
BRDA:71,2,0,0
BRDA:71,2,1,0
BRDA:72,3,0,0
BRDA:72,3,1,0
BRDA:73,4,0,0
BRDA:73,4,1,0
BRDA:74,5,0,0
BRDA:74,5,1,0
BRDA:76,6,0,0
BRDA:76,6,1,0
BRDA:77,7,0,0
BRDA:77,7,1,0
BRDA:96,8,0,0
BRDA:96,8,1,0
BRDA:107,9,0,0
BRDA:107,9,1,0
BRDA:108,10,0,0
BRDA:108,10,1,0
BRDA:109,11,0,0
BRDA:109,11,1,0
BRDA:110,12,0,0
BRDA:110,12,1,0
BRDA:113,13,0,0
BRDA:113,13,1,0
BRDA:114,14,0,0
BRDA:114,14,1,0
BRDA:115,15,0,0
BRDA:115,15,1,0
BRDA:116,16,0,0
BRDA:116,16,1,0
BRDA:119,17,0,0
BRDA:119,17,1,0
BRDA:120,18,0,0
BRDA:120,18,1,0
BRDA:121,19,0,0
BRDA:121,19,1,0
BRDA:124,20,0,0
BRDA:124,20,1,0
BRDA:125,21,0,0
BRDA:125,21,1,0
BRDA:126,22,0,0
BRDA:126,22,1,0
BRDA:129,23,0,0
BRDA:129,23,1,0
BRDA:129,24,0,0
BRDA:129,24,1,0
BRDA:151,25,0,0
BRDA:153,26,0,0
BRDA:153,26,1,0
BRDA:154,27,0,0
BRDA:154,27,1,0
BRDA:155,28,0,0
BRDA:155,28,1,0
BRDA:168,29,0,0
BRDA:168,29,1,0
BRDA:175,30,0,0
BRDA:175,30,1,0
BRDA:175,30,2,0
BRDA:177,31,0,0
BRDA:177,31,1,0
BRDA:178,32,0,0
BRDA:178,32,1,0
BRDA:182,33,0,0
BRDA:182,33,1,0
BRDA:183,34,0,0
BRDA:183,34,1,0
BRDA:184,35,0,0
BRDA:184,35,1,0
BRDA:184,36,0,0
BRDA:184,36,1,0
BRDA:184,36,2,0
BRDA:184,36,3,0
BRDA:190,37,0,0
BRDA:190,37,1,0
BRDA:192,38,0,0
BRDA:192,38,1,0
BRDA:196,39,0,0
BRDA:196,39,1,0
BRDA:204,40,0,0
BRDA:204,40,1,0
BRF:84
BRH:0
end_of_record
TN:
SF:srv/code/utils/runConfig.ts
FN:40,classifyPredictModel
FN:53,classifyEvalModel
FN:61,(anonymous_2)
FN:72,normalizeRunConfig
FN:82,(anonymous_4)
FN:83,(anonymous_5)
FN:87,(anonymous_6)
FN:88,(anonymous_7)
FN:101,(anonymous_8)
FN:112,buildRunConfigRows
FN:114,(anonymous_10)
FN:124,(anonymous_11)
FN:142,loadRunConfig
FN:157,(anonymous_13)
FN:157,(anonymous_14)
FN:159,(anonymous_15)
FN:160,(anonymous_16)
FNF:17
FNH:17
FNDA:176,classifyPredictModel
FNDA:174,classifyEvalModel
FNDA:458,(anonymous_2)
FNDA:128,normalizeRunConfig
FNDA:164,(anonymous_4)
FNDA:164,(anonymous_5)
FNDA:86,(anonymous_6)
FNDA:73,(anonymous_7)
FNDA:241,(anonymous_8)
FNDA:29,buildRunConfigRows
FNDA:58,(anonymous_10)
FNDA:56,(anonymous_11)
FNDA:97,loadRunConfig
FNDA:4,(anonymous_13)
FNDA:2,(anonymous_14)
FNDA:4,(anonymous_15)
FNDA:2,(anonymous_16)
DA:6,2
DA:16,2
DA:17,2
DA:18,2
DA:19,2
DA:21,2
DA:26,2
DA:32,2
DA:41,176
DA:43,87
DA:54,174
DA:55,82
DA:56,82
DA:57,82
DA:58,82
DA:61,458
DA:76,128
DA:79,128
DA:81,128
DA:82,164
DA:83,164
DA:85,128
DA:86,43
DA:87,86
DA:88,73
DA:90,43
DA:93,2
DA:101,241
DA:108,128
DA:113,29
DA:114,29
DA:115,58
DA:124,29
DA:125,56
DA:134,29
DA:146,97
DA:147,89
DA:150,8
DA:151,8
DA:152,8
DA:156,8
DA:157,4
DA:158,1
DA:159,4
DA:160,2
DA:161,1
DA:164,0
DA:167,7
LF:48
LH:47
BRDA:41,0,0,89
BRDA:41,0,1,87
BRDA:54,1,0,92
BRDA:54,1,1,82
BRDA:56,2,0,82
BRDA:56,2,1,81
BRDA:56,2,2,80
BRDA:57,3,0,2
BRDA:57,3,1,80
BRDA:61,4,0,458
BRDA:61,4,1,0
BRDA:77,5,0,128
BRDA:77,5,1,62
BRDA:79,6,0,62
BRDA:79,6,1,66
BRDA:81,7,0,128
BRDA:81,7,1,43
BRDA:85,8,0,43
BRDA:85,8,1,85
BRDA:90,9,0,2
BRDA:90,9,1,41
BRDA:95,10,0,2
BRDA:95,10,1,1
BRDA:103,11,0,239
BRDA:103,11,1,2
BRDA:103,12,0,241
BRDA:103,12,1,241
BRDA:130,13,0,56
BRDA:130,13,1,0
BRDA:146,14,0,89
BRDA:146,14,1,8
BRDA:146,15,0,97
BRDA:146,15,1,39
BRDA:146,16,0,97
BRDA:146,16,1,39
BRDA:146,17,0,39
BRDA:146,17,1,8
BRDA:156,18,0,1
BRDA:156,18,1,7
BRDA:160,19,0,2
BRDA:160,19,1,0
BRF:41
BRH:38
end_of_record
