TN:
SF:srv/code/claims-on-approveClaim-logic.ts
FN:5,(anonymous_0)
FNF:1
FNH:1
FNDA:4,(anonymous_0)
DA:3,1
DA:6,4
DA:8,4
DA:10,4
DA:12,4
DA:13,4
DA:14,3
DA:16,2
DA:20,2
DA:22,2
LF:10
LH:10
BRDA:13,0,0,1
BRDA:13,0,1,3
BRDA:14,1,0,1
BRDA:14,1,1,2
BRDA:17,2,0,2
BRDA:17,2,1,1
BRF:6
BRH:6
end_of_record
TN:
SF:srv/code/claims-on-flagClaim-logic.ts
FN:5,(anonymous_0)
FNF:1
FNH:1
FNDA:5,(anonymous_0)
DA:3,1
DA:6,5
DA:8,5
DA:10,5
DA:12,5
DA:13,5
DA:14,4
DA:15,3
DA:17,1
DA:21,1
DA:23,1
LF:11
LH:11
BRDA:13,0,0,1
BRDA:13,0,1,4
BRDA:14,1,0,1
BRDA:14,1,1,3
BRDA:15,2,0,2
BRDA:15,2,1,1
BRF:6
BRH:6
end_of_record
TN:
SF:srv/code/on-evaluateClaim-logic.ts
FN:7,(anonymous_0)
FNF:1
FNH:1
FNDA:18,(anonymous_0)
DA:5,1
DA:8,18
DA:9,18
DA:11,18
DA:13,18
DA:19,18
DA:21,17
DA:23,17
DA:26,17
DA:27,17
DA:29,17
DA:45,17
DA:46,17
DA:60,13
DA:61,13
DA:64,4
DA:65,4
DA:66,4
DA:74,17
DA:75,17
DA:83,17
DA:84,17
DA:89,0
DA:90,0
DA:91,0
LF:25
LH:22
BRDA:19,0,0,1
BRDA:19,0,1,17
BRDA:34,1,0,17
BRDA:34,1,1,0
BRDA:68,2,0,1
BRDA:68,2,1,3
BRDA:68,3,0,1
BRDA:68,3,1,2
BRDA:70,4,0,1
BRDA:70,4,1,3
BRF:10
BRH:9
end_of_record
TN:
SF:srv/code/on-predictFraud-logic.ts
FN:33,(anonymous_0)
FN:40,(anonymous_1)
FN:40,(anonymous_2)
FN:98,(anonymous_3)
FN:99,(anonymous_4)
FN:144,_computeStubScore
FNF:6
FNH:6
FNDA:20,(anonymous_0)
FNDA:20,(anonymous_1)
FNDA:20,(anonymous_2)
FNDA:14,(anonymous_3)
FNDA:14,(anonymous_4)
FNDA:5,_computeStubScore
DA:7,1
DA:10,1
DA:25,1
DA:34,20
DA:35,20
DA:37,20
DA:39,20
DA:40,20
DA:44,20
DA:46,19
DA:48,19
DA:52,19
DA:53,19
DA:62,19
DA:63,19
DA:64,19
DA:67,19
DA:68,19
DA:98,14
DA:99,14
DA:100,14
DA:103,13
DA:110,14
DA:111,14
DA:114,5
DA:115,5
DA:116,5
DA:119,19
DA:120,19
DA:127,19
DA:128,19
DA:131,19
DA:132,19
DA:135,1
DA:136,1
DA:137,1
DA:145,5
DA:150,5
DA:151,5
LF:39
LH:39
BRDA:44,0,0,1
BRDA:44,0,1,19
BRDA:63,1,0,19
BRDA:63,1,1,0
BRDA:64,2,0,19
BRDA:64,2,1,2
BRDA:82,3,0,19
BRDA:82,3,1,0
BRDA:83,4,0,19
BRDA:83,4,1,0
BRDA:100,5,0,1
BRDA:100,5,1,13
BRDA:103,6,0,13
BRDA:103,6,1,0
BRDA:111,7,0,14
BRDA:111,7,1,13
BRDA:150,8,0,1
BRDA:150,8,1,4
BRF:18
BRH:14
end_of_record
TN:
SF:srv/code/on-structureClaim-logic.ts
FN:27,(anonymous_0)
FN:35,(anonymous_1)
FN:35,(anonymous_2)
FN:54,(anonymous_3)
FNF:4
FNH:3
FNDA:18,(anonymous_0)
FNDA:18,(anonymous_1)
FNDA:18,(anonymous_2)
FNDA:0,(anonymous_3)
DA:5,1
DA:7,1
DA:28,18
DA:29,18
DA:31,18
DA:34,18
DA:35,18
DA:38,18
DA:40,17
DA:42,17
DA:51,17
DA:52,17
DA:54,17
DA:61,17
DA:62,17
DA:84,13
DA:85,13
DA:88,4
DA:89,4
DA:99,17
DA:100,17
DA:109,17
DA:110,17
DA:113,17
DA:114,17
DA:117,1
DA:118,1
DA:119,1
LF:28
LH:28
BRDA:38,0,0,1
BRDA:38,0,1,17
BRDA:75,1,0,17
BRDA:75,1,1,0
BRDA:75,2,0,17
BRDA:75,2,1,17
BRDA:91,3,0,4
BRDA:91,3,1,0
BRDA:93,4,0,4
BRDA:93,4,1,0
BRDA:94,5,0,4
BRDA:94,5,1,4
BRF:12
BRH:9
end_of_record
TN:
SF:srv/code/on-submitClaim-logic.ts
FN:6,(anonymous_0)
FN:39,(anonymous_1)
FNF:2
FNH:2
FNDA:22,(anonymous_0)
FNDA:2,(anonymous_1)
DA:4,1
DA:11,22
DA:13,22
DA:16,22
DA:17,20
DA:18,18
DA:19,17
DA:21,16
DA:22,16
DA:25,16
DA:37,16
DA:38,2
DA:39,2
DA:41,2
DA:45,16
DA:46,16
DA:48,16
DA:50,16
DA:52,16
LF:19
LH:19
BRDA:10,0,0,20
BRDA:16,1,0,2
BRDA:16,1,1,20
BRDA:17,2,0,2
BRDA:17,2,1,18
BRDA:17,3,0,20
BRDA:17,3,1,19
BRDA:18,4,0,1
BRDA:18,4,1,17
BRDA:19,5,0,1
BRDA:19,5,1,16
BRDA:37,6,0,2
BRDA:37,6,1,14
BRF:13
BRH:13
end_of_record
TN:
SF:srv/code/utils/aiClient.ts
FN:10,createChatClient
FN:15,(anonymous_1)
FN:36,(anonymous_2)
FNF:3
FNH:3
FNDA:4,createChatClient
FNDA:4,(anonymous_1)
FNDA:1,(anonymous_2)
DA:14,4
DA:17,4
DA:20,4
DA:34,4
DA:35,4
DA:36,4
LF:6
LH:6
BRDA:11,0,0,1
BRDA:12,1,0,3
BRDA:15,2,0,0
BRDA:15,3,0,3
BRDA:15,4,0,3
BRDA:17,5,0,1
BRDA:17,5,1,3
BRDA:35,6,0,4
BRDA:35,6,1,0
BRF:9
BRH:7
end_of_record
